\BOOKMARK [0][-]{chapter.1}{\376\377\000C\000o\000n\000s\000t\000a\000n\000t\000s\000\040\000a\000n\000d\000\040\000u\000n\000i\000t\000s}{}% 1
\BOOKMARK [0][-]{chapter.2}{\376\377\000G\000e\000n\000e\000r\000a\000l\000\040\000M\000a\000t\000h\000e\000m\000a\000t\000i\000c\000s}{}% 2
\BOOKMARK [1][-]{section.2.1}{\376\377\000C\000o\000o\000r\000d\000i\000n\000a\000t\000e\000\040\000S\000y\000s\000t\000e\000m\000s}{chapter.2}% 3
\BOOKMARK [1][-]{section.2.2}{\376\377\000V\000e\000c\000t\000o\000r\000\040\000O\000p\000e\000r\000a\000t\000i\000o\000n\000s}{chapter.2}% 4
\BOOKMARK [1][-]{section.2.3}{\376\377\000T\000r\000i\000a\000n\000g\000l\000e\000s}{chapter.2}% 5
\BOOKMARK [1][-]{section.2.4}{\376\377\000T\000r\000i\000g\000o\000n\000o\000m\000e\000t\000r\000i\000c\000\040\000I\000d\000e\000n\000t\000i\000t\000i\000e\000s}{chapter.2}% 6
\BOOKMARK [1][-]{section.2.5}{\376\377\000A\000r\000b\000i\000t\000r\000a\000r\000y\000\040\000O\000r\000t\000h\000o\000g\000o\000n\000a\000l\000\040\000C\000u\000r\000v\000i\000l\000i\000n\000e\000a\000r\000\040\000C\000o\000o\000r\000d\000i\000n\000a\000t\000e\000s}{chapter.2}% 7
\BOOKMARK [0][-]{chapter.3}{\376\377\000C\000o\000m\000p\000l\000e\000x\000\040\000A\000n\000a\000l\000y\000s\000i\000s}{}% 8
\BOOKMARK [1][-]{section.3.1}{\376\377\000C\000o\000m\000p\000l\000e\000x\000\040\000N\000u\000m\000b\000e\000r\000s}{chapter.3}% 9
\BOOKMARK [1][-]{section.3.2}{\376\377\000C\000o\000m\000p\000l\000e\000x\000\040\000F\000u\000n\000c\000t\000i\000o\000n\000s}{chapter.3}% 10
\BOOKMARK [0][-]{chapter.4}{\376\377\000M\000a\000t\000r\000i\000x\000\040\000A\000l\000g\000e\000b\000r\000a}{}% 11
\BOOKMARK [0][-]{chapter.5}{\376\377\000A\000b\000s\000t\000r\000a\000c\000t\000\040\000A\000l\000g\000e\000b\000r\000a\000\040\000a\000n\000d\000\040\000N\000u\000m\000b\000e\000r\000\040\000T\000h\000e\000o\000r\000y}{}% 12
\BOOKMARK [0][-]{chapter.6}{\376\377\000M\000a\000t\000h\000e\000m\000a\000t\000i\000c\000a\000l\000\040\000A\000n\000a\000l\000y\000s\000i\000s}{}% 13
\BOOKMARK [1][-]{section.6.1}{\376\377\000S\000e\000q\000u\000e\000n\000c\000e\000s\000\040\000a\000n\000d\000\040\000S\000e\000r\000i\000e\000s}{chapter.6}% 14
\BOOKMARK [1][-]{section.6.2}{\376\377\000C\000o\000n\000v\000e\000r\000g\000e\000n\000c\000e\000/\000D\000i\000v\000e\000r\000g\000e\000n\000c\000e\000\040\000T\000e\000s\000t\000s}{chapter.6}% 15
\BOOKMARK [1][-]{section.6.3}{\376\377\000F\000u\000n\000c\000t\000i\000o\000n\000s}{chapter.6}% 16
\BOOKMARK [1][-]{section.6.4}{\376\377\000S\000e\000q\000u\000e\000n\000c\000e\000s\000\040\000a\000n\000d\000\040\000S\000e\000r\000i\000e\000s\000\040\000o\000f\000\040\000F\000u\000n\000c\000t\000i\000o\000n\000s}{chapter.6}% 17
\BOOKMARK [1][-]{section.6.5}{\376\377\000D\000e\000r\000i\000v\000a\000t\000i\000v\000e\000s}{chapter.6}% 18
\BOOKMARK [0][-]{chapter.7}{\376\377\000D\000i\000f\000f\000e\000r\000e\000n\000t\000i\000a\000l\000\040\000E\000q\000u\000a\000t\000i\000o\000n\000s}{}% 19
\BOOKMARK [1][-]{section.7.1}{\376\377\000D\000i\000f\000f\000e\000r\000e\000n\000t\000i\000a\000t\000i\000o\000n}{chapter.7}% 20
\BOOKMARK [1][-]{section.7.2}{\376\377\000R\000e\000v\000i\000e\000w\000\040\000o\000f\000\040\000D\000i\000f\000f\000e\000r\000e\000n\000t\000i\000a\000t\000i\000o\000n}{chapter.7}% 21
\BOOKMARK [1][-]{section.7.3}{\376\377\000L\000e\000g\000e\000n\000d\000r\000e\000\040\000d\000i\000f\000f\000e\000r\000e\000n\000t\000i\000a\000l\000\040\000e\000q\000u\000a\000t\000i\000o\000n}{chapter.7}% 22
\BOOKMARK [1][-]{section.7.4}{\376\377\000L\000a\000g\000u\000e\000r\000r\000e\000\040\000d\000i\000f\000f\000e\000r\000e\000n\000t\000i\000a\000l\000\040\000e\000q\000u\000a\000t\000i\000o\000n}{chapter.7}% 23
\BOOKMARK [1][-]{section.7.5}{\376\377\000S\000e\000c\000o\000n\000d\000-\000o\000r\000d\000e\000r\000\040\000H\000o\000m\000o\000g\000e\000n\000e\000o\000u\000s}{chapter.7}% 24
\BOOKMARK [1][-]{section.7.6}{\376\377\000S\000e\000c\000o\000n\000d\000-\000o\000r\000d\000e\000r\000\040\000L\000i\000n\000e\000a\000r\000\040\000O\000r\000d\000i\000n\000a\000r\000y}{chapter.7}% 25
\BOOKMARK [1][-]{section.7.7}{\376\377\000H\000i\000g\000h\000e\000r\000\040\000O\000r\000d\000e\000r\000\040\000D\000i\000f\000f\000e\000r\000e\000n\000t\000i\000a\000l\000\040\000E\000q\000u\000a\000t\000i\000o\000n\000s}{chapter.7}% 26
\BOOKMARK [1][-]{section.7.8}{\376\377\000F\000r\000o\000b\000e\000n\000i\000u\000s\000\040\000M\000e\000t\000h\000o\000d}{chapter.7}% 27
\BOOKMARK [0][-]{chapter.8}{\376\377\000I\000n\000t\000e\000g\000r\000a\000l\000s}{}% 28
\BOOKMARK [1][-]{section.8.1}{\376\377\000B\000r\000i\000e\000f\000\040\000T\000a\000b\000l\000e\000\040\000o\000f\000\040\000I\000n\000t\000e\000g\000r\000a\000l\000s}{chapter.8}% 29
\BOOKMARK [1][-]{section.8.2}{\376\377\000G\000a\000u\000s\000s\000i\000a\000n\000\040\000I\000n\000t\000e\000g\000r\000a\000l\000s}{chapter.8}% 30
\BOOKMARK [0][-]{chapter.9}{\376\377\000F\000o\000u\000r\000i\000e\000r\000\040\000S\000e\000r\000i\000e\000s}{}% 31
\BOOKMARK [0][-]{chapter.10}{\376\377\000S\000t\000a\000t\000i\000s\000t\000i\000c\000s}{}% 32
\BOOKMARK [0][-]{chapter.11}{\376\377\000A\000s\000t\000r\000o\000n\000o\000m\000y\000,\000\040\000O\000p\000t\000i\000c\000s\000\040\000a\000n\000d\000\040\000T\000e\000l\000e\000s\000c\000o\000p\000e\000s}{}% 33
\BOOKMARK [1][-]{section.11.1}{\376\377\000C\000e\000l\000e\000s\000t\000i\000a\000l\000\040\000O\000r\000b\000i\000t\000s}{chapter.11}% 34
\BOOKMARK [1][-]{section.11.2}{\376\377\000C\000e\000l\000e\000s\000t\000i\000a\000l\000\040\000\046\000\040\000S\000t\000e\000l\000l\000a\000r\000\040\000A\000t\000m\000o\000s\000p\000h\000e\000r\000e\000s}{chapter.11}% 35
\BOOKMARK [1][-]{section.11.3}{\376\377\000C\000o\000n\000v\000e\000c\000t\000i\000o\000n}{chapter.11}% 36
\BOOKMARK [1][-]{section.11.4}{\376\377\000M\000a\000i\000n\000\040\000S\000e\000q\000u\000e\000n\000c\000e\000\040\000S\000t\000a\000r\000s}{chapter.11}% 37
\BOOKMARK [1][-]{section.11.5}{\376\377\000G\000a\000l\000a\000x\000i\000e\000s}{chapter.11}% 38
\BOOKMARK [0][-]{chapter.12}{\376\377\000C\000l\000a\000s\000s\000i\000c\000a\000l\000\040\000M\000e\000c\000h\000a\000n\000i\000c\000s}{}% 39
\BOOKMARK [0][-]{chapter.13}{\376\377\000E\000l\000e\000c\000t\000r\000i\000c\000i\000t\000y\000\040\000a\000n\000d\000\040\000M\000a\000g\000n\000e\000t\000i\000s\000m}{}% 40
\BOOKMARK [0][-]{chapter.14}{\376\377\000E\000l\000e\000c\000t\000r\000o\000n\000i\000c\000s}{}% 41
\BOOKMARK [1][-]{section.14.1}{\376\377\000E\000l\000e\000c\000t\000r\000o\000n\000i\000c\000\040\000S\000y\000m\000b\000o\000l\000s\000\040\000\046\000\040\000C\000i\000r\000c\000u\000i\000t\000\040\000D\000i\000a\000g\000r\000a\000m\000s}{chapter.14}% 42
\BOOKMARK [1][-]{section.14.2}{\376\377\000E\000q\000u\000i\000v\000a\000l\000e\000n\000t\000\040\000C\000i\000r\000c\000u\000i\000t\000s}{chapter.14}% 43
\BOOKMARK [1][-]{section.14.3}{\376\377\000L\000o\000g\000i\000c\000,\000\040\000G\000a\000t\000e\000s\000,\000\040\000a\000n\000d\000\040\000T\000r\000u\000t\000h\000\040\000T\000a\000b\000l\000e\000s}{chapter.14}% 44
\BOOKMARK [0][-]{chapter.15}{\376\377\000S\000p\000e\000c\000i\000a\000l\000\040\000R\000e\000l\000a\000t\000i\000v\000i\000t\000y}{}% 45
\BOOKMARK [1][-]{subsection.15.0.1}{\376\377\000E\000i\000n\000s\000t\000e\000i\000n\000\040\000N\000o\000t\000a\000t\000i\000o\000n}{chapter.15}% 46
\BOOKMARK [2][-]{subsection.15.0.2}{\376\377\000E\000l\000e\000c\000t\000r\000o\000m\000a\000g\000n\000e\000t\000i\000c\000\040\000F\000i\000e\000l\000d\000s}{subsection.15.0.1}% 47
\BOOKMARK [0][-]{chapter.16}{\376\377\000T\000h\000e\000r\000m\000o\000d\000y\000n\000a\000m\000i\000c\000s}{}% 48
\BOOKMARK [0][-]{chapter.17}{\376\377\000T\000h\000e\000r\000m\000a\000l\000\040\000\046\000\040\000S\000t\000a\000t\000i\000s\000t\000i\000c\000a\000l\000\040\000P\000h\000y\000s\000i\000c\000s}{}% 49
\BOOKMARK [1][-]{section.17.1}{\376\377\000S\000t\000a\000t\000e\000s\000\040\000o\000f\000\040\000a\000\040\000M\000o\000d\000e\000l\000\040\000S\000y\000s\000t\000e\000m}{chapter.17}% 50
\BOOKMARK [1][-]{section.17.2}{\376\377\000E\000n\000t\000r\000o\000p\000y\000\040\000A\000n\000d\000\040\000T\000e\000m\000p\000e\000r\000a\000t\000u\000r\000e}{chapter.17}% 51
\BOOKMARK [1][-]{section.17.3}{\376\377\000B\000o\000l\000t\000z\000m\000a\000n\000n\000\040\000D\000i\000s\000t\000r\000i\000b\000u\000t\000i\000o\000n\000\040\000a\000n\000d\000\040\000H\000e\000l\000m\000h\000o\000l\000t\000z\000\040\000F\000r\000e\000e\000\040\000E\000n\000e\000r\000g\000y}{chapter.17}% 52
\BOOKMARK [1][-]{section.17.4}{\376\377\000T\000h\000e\000r\000m\000a\000l\000\040\000R\000a\000d\000i\000a\000t\000i\000o\000n\000\040\000a\000n\000d\000\040\000P\000l\000a\000n\000c\000k\000\040\000D\000i\000s\000t\000r\000i\000b\000u\000t\000i\000o\000n}{chapter.17}% 53
\BOOKMARK [1][-]{section.17.5}{\376\377\000C\000h\000e\000m\000i\000c\000a\000l\000\040\000P\000o\000t\000e\000n\000t\000i\000a\000l\000\040\000a\000n\000d\000\040\000G\000i\000b\000b\000s\000\040\000D\000i\000s\000t\000r\000i\000b\000u\000t\000i\000o\000n}{chapter.17}% 54
\BOOKMARK [1][-]{section.17.6}{\376\377\000I\000d\000e\000a\000l\000\040\000G\000a\000s}{chapter.17}% 55
\BOOKMARK [1][-]{section.17.7}{\376\377\000H\000e\000a\000t\000\040\000a\000n\000d\000\040\000W\000o\000r\000k}{chapter.17}% 56
\BOOKMARK [1][-]{section.17.8}{\376\377\000G\000i\000b\000b\000s\000\040\000F\000r\000e\000e\000\040\000E\000n\000e\000r\000g\000y\000\040\000a\000n\000d\000\040\000C\000h\000e\000m\000i\000c\000a\000l\000\040\000R\000e\000a\000c\000t\000i\000o\000n\000s}{chapter.17}% 57
\BOOKMARK [1][-]{section.17.9}{\376\377\000P\000h\000a\000s\000e\000\040\000T\000r\000a\000n\000s\000f\000o\000r\000m\000a\000t\000i\000o\000n\000s}{chapter.17}% 58
\BOOKMARK [2][-]{subsection.17.9.1}{\376\377\000K\000i\000n\000e\000t\000i\000c\000\040\000T\000h\000e\000o\000r\000y}{section.17.9}% 59
\BOOKMARK [0][-]{chapter.18}{\376\377\000E\000l\000e\000m\000e\000n\000t\000a\000r\000y\000\040\000Q\000u\000a\000n\000t\000u\000m\000\040\000P\000h\000y\000s\000i\000c\000s}{}% 60
\BOOKMARK [0][-]{chapter.19}{\376\377\000Q\000u\000a\000n\000t\000u\000m\000\040\000M\000e\000c\000h\000a\000n\000i\000c\000s}{}% 61
\BOOKMARK [1][-]{section.19.1}{\376\377\000S\000i\000m\000p\000l\000e\000\040\000H\000a\000r\000m\000o\000n\000i\000c\000\040\000O\000s\000c\000i\000l\000l\000a\000t\000o\000r}{chapter.19}% 62
\BOOKMARK [1][-]{section.19.2}{\376\377\000S\000p\000h\000e\000r\000i\000c\000a\000l\000\040\000H\000a\000r\000m\000o\000n\000i\000c\000s}{chapter.19}% 63
\BOOKMARK [1][-]{section.19.3}{\376\377\000A\000n\000g\000u\000l\000a\000r\000\040\000M\000o\000m\000e\000n\000t\000u\000m\000\040\000a\000n\000d\000\040\000S\000p\000i\000n}{chapter.19}% 64
\BOOKMARK [1][-]{section.19.4}{\376\377\000S\000c\000a\000t\000t\000e\000r\000i\000n\000g}{chapter.19}% 65
\BOOKMARK [0][-]{chapter.20}{\376\377\000N\000u\000c\000l\000e\000a\000r\000\040\000a\000n\000d\000\040\000H\000i\000g\000h\000\040\000E\000n\000e\000r\000g\000y\000\040\000P\000h\000y\000s\000i\000c\000s}{}% 66
\BOOKMARK [1][-]{section.20.1}{\376\377\000N\000u\000c\000l\000e\000a\000r\000\040\000P\000h\000y\000s\000i\000c\000s}{chapter.20}% 67
\BOOKMARK [1][-]{section.20.2}{\376\377\000N\000u\000c\000l\000e\000a\000r\000\040\000D\000e\000c\000a\000y}{chapter.20}% 68
\BOOKMARK [1][-]{section.20.3}{\376\377\000E\000l\000e\000m\000e\000n\000t\000a\000r\000y\000\040\000P\000a\000r\000t\000i\000c\000l\000e\000\040\000P\000h\000y\000s\000i\000c\000s}{chapter.20}% 69
\BOOKMARK [0][-]{chapter.21}{\376\377\000A\000d\000v\000a\000n\000c\000e\000d\000\040\000P\000h\000y\000s\000i\000c\000s}{}% 70
\BOOKMARK [1][-]{section.21.1}{\376\377\000Q\000u\000a\000n\000t\000u\000m\000\040\000C\000h\000r\000o\000m\000o\000d\000y\000n\000a\000m\000i\000c\000s}{chapter.21}% 71
\BOOKMARK [0][-]{chapter.22}{\376\377\000R\000e\000s\000o\000u\000r\000c\000e\000s}{}% 72
\BOOKMARK [1][-]{section.22.1}{\376\377\000C\000l\000e\000b\000s\000c\000h\000-\000G\000o\000r\000d\000a\000n\000\040\000C\000o\000e\000f\000f\000i\000c\000i\000e\000n\000t\000s\000,\000\040\000s\000p\000h\000e\000r\000i\000c\000a\000l\000\040\000h\000a\000r\000m\000o\000n\000i\000c\000s\000,\000\040\000a\000n\000d\000\040\000d\000\040\000f\000u\000n\000c\000t\000i\000o\000n\000s\000.}{chapter.22}% 73
\BOOKMARK [1][-]{section.22.2}{\376\377\000G\000r\000o\000u\000n\000d\000\040\000S\000t\000a\000t\000e\000\040\000E\000l\000e\000c\000t\000r\000o\000n\000\040\000C\000o\000n\000f\000i\000g\000u\000r\000a\000t\000i\000o\000n\000s\000\040\000O\000f\000\040\000E\000l\000e\000m\000e\000n\000t\000s}{chapter.22}% 74
\BOOKMARK [1][-]{section.22.3}{\376\377\000B\000u\000i\000l\000d\000i\000n\000g\000\040\000U\000p\000\040\000T\000h\000e\000\040\000E\000l\000e\000c\000t\000r\000o\000n\000\040\000S\000h\000e\000l\000l\000s\000\040\000O\000f\000\040\000E\000l\000e\000m\000e\000n\000t\000s}{chapter.22}% 75
\BOOKMARK [1][-]{section.22.4}{\376\377\000T\000a\000b\000l\000e\000\040\000o\000f\000\040\000I\000s\000o\000t\000o\000p\000i\000c\000\040\000M\000a\000s\000s\000e\000s\000\040\000a\000n\000d\000\040\000N\000a\000t\000u\000r\000a\000l\000\040\000A\000b\000u\000n\000d\000a\000n\000c\000e\000s}{chapter.22}% 76
\BOOKMARK [1][-]{section.22.5}{\376\377\000P\000e\000r\000i\000o\000d\000i\000c\000\040\000T\000a\000b\000l\000e\000\040\000o\000f\000\040\000E\000l\000e\000m\000e\000n\000t\000s}{chapter.22}% 77
\BOOKMARK [0][-]{chapter*.2}{\376\377\000R\000e\000f\000e\000r\000e\000n\000c\000e\000s}{}% 78
