This is pdfTeX, Version 3.14159265-2.6-1.40.16 (TeX Live 2015/Debian) (preloaded format=pdflatex 2016.10.8)  5 SEP 2017 11:09
entering extended mode
 restricted \write18 enabled.
 %&-line parsing enabled.
**"AH preview.tex"
(./AH preview.tex
LaTeX2e <2016/02/01>
Babel <3.9q> and hyphenation patterns for 3 language(s) loaded.
(/usr/share/texlive/texmf-dist/tex/latex/base/article.cls
Document Class: article 2014/09/29 v1.4h Standard LaTeX document class
(/usr/share/texlive/texmf-dist/tex/latex/base/size10.clo
File: size10.clo 2014/09/29 v1.4h Standard LaTeX file (size option)
)
\c@part=\count79
\c@section=\count80
\c@subsection=\count81
\c@subsubsection=\count82
\c@paragraph=\count83
\c@subparagraph=\count84
\c@figure=\count85
\c@table=\count86
\abovecaptionskip=\skip41
\belowcaptionskip=\skip42
\bibindent=\dimen102
)
(/usr/share/texlive/texmf-dist/tex/latex/pdfpages/pdfpages.sty
Package: pdfpages 2015/09/18 v0.5d Insert pages of external PDF documents (AM)

(/usr/share/texlive/texmf-dist/tex/latex/base/ifthen.sty
Package: ifthen 2014/09/29 v1.1c Standard LaTeX ifthen package (DPC)
)
(/usr/share/texlive/texmf-dist/tex/latex/tools/calc.sty
Package: calc 2014/10/28 v4.3 Infix arithmetic (KKT,FJ)
\calc@Acount=\count87
\calc@Bcount=\count88
\calc@Adimen=\dimen103
\calc@Bdimen=\dimen104
\calc@Askip=\skip43
\calc@Bskip=\skip44
LaTeX Info: Redefining \setlength on input line 80.
LaTeX Info: Redefining \addtolength on input line 81.
\calc@Ccount=\count89
\calc@Cskip=\skip45
)
(/usr/share/texlive/texmf-dist/tex/latex/eso-pic/eso-pic.sty
Package: eso-pic 2015/07/21 v2.0g eso-pic (RN)

(/usr/share/texlive/texmf-dist/tex/generic/oberdiek/atbegshi.sty
Package: atbegshi 2011/10/05 v1.16 At begin shipout hook (HO)

(/usr/share/texlive/texmf-dist/tex/generic/oberdiek/infwarerr.sty
Package: infwarerr 2010/04/08 v1.3 Providing info/warning/error messages (HO)
)
(/usr/share/texlive/texmf-dist/tex/generic/oberdiek/ltxcmds.sty
Package: ltxcmds 2011/11/09 v1.22 LaTeX kernel commands for general use (HO)
)
(/usr/share/texlive/texmf-dist/tex/generic/oberdiek/ifpdf.sty
Package: ifpdf 2011/01/30 v2.3 Provides the ifpdf switch (HO)
Package ifpdf Info: pdfTeX in PDF mode is detected.
))
(/usr/share/texlive/texmf-dist/tex/latex/graphics/keyval.sty
Package: keyval 2014/10/28 v1.15 key=value parser (DPC)
\KV@toks@=\toks14
)
(/usr/share/texlive/texmf-dist/tex/latex/xcolor/xcolor.sty
Package: xcolor 2007/01/21 v2.11 LaTeX color extensions (UK)

(/usr/share/texlive/texmf-dist/tex/latex/latexconfig/color.cfg
File: color.cfg 2007/01/18 v1.5 color configuration of teTeX/TeXLive
)
Package xcolor Info: Driver file: pdftex.def on input line 225.

(/usr/share/texlive/texmf-dist/tex/latex/pdftex-def/pdftex.def
File: pdftex.def 2011/05/27 v0.06d Graphics/color for pdfTeX
\Gread@gobject=\count90
)
Package xcolor Info: Model `cmy' substituted by `cmy0' on input line 1337.
Package xcolor Info: Model `hsb' substituted by `rgb' on input line 1341.
Package xcolor Info: Model `RGB' extended on input line 1353.
Package xcolor Info: Model `HTML' substituted by `rgb' on input line 1355.
Package xcolor Info: Model `Hsb' substituted by `hsb' on input line 1356.
Package xcolor Info: Model `tHsb' substituted by `hsb' on input line 1357.
Package xcolor Info: Model `HSB' substituted by `hsb' on input line 1358.
Package xcolor Info: Model `Gray' substituted by `gray' on input line 1359.
Package xcolor Info: Model `wave' substituted by `hsb' on input line 1360.
))
(/usr/share/texlive/texmf-dist/tex/latex/graphics/graphicx.sty
Package: graphicx 2014/10/28 v1.0g Enhanced LaTeX Graphics (DPC,SPQR)

(/usr/share/texlive/texmf-dist/tex/latex/graphics/graphics.sty
Package: graphics 2016/01/03 v1.0q Standard LaTeX Graphics (DPC,SPQR)

(/usr/share/texlive/texmf-dist/tex/latex/graphics/trig.sty
Package: trig 2016/01/03 v1.10 sin cos tan (DPC)
)
(/usr/share/texlive/texmf-dist/tex/latex/latexconfig/graphics.cfg
File: graphics.cfg 2010/04/23 v1.9 graphics configuration of TeX Live
)
Package graphics Info: Driver file: pdftex.def on input line 95.
)
\Gin@req@height=\dimen105
\Gin@req@width=\dimen106
)
\AM@pagewidth=\dimen107
\AM@pageheight=\dimen108

(/usr/share/texlive/texmf-dist/tex/latex/pdfpages/pppdftex.def
File: pppdftex.def 2015/09/18 v0.5d Pdfpages driver for pdfTeX (AM)
)
\AM@pagebox=\box26
\AM@toc@title=\toks15
\c@AM@survey=\count91
\AM@templatesizebox=\box27
)
(/usr/share/texlive/texmf-dist/tex/latex/oberdiek/grffile.sty
Package: grffile 2012/04/05 v1.16 Extended file name support for graphics (HO)

(/usr/share/texlive/texmf-dist/tex/generic/ifxetex/ifxetex.sty
Package: ifxetex 2010/09/12 v0.6 Provides ifxetex conditional
)
(/usr/share/texlive/texmf-dist/tex/latex/oberdiek/kvoptions.sty
Package: kvoptions 2011/06/30 v3.11 Key value format for package options (HO)

(/usr/share/texlive/texmf-dist/tex/generic/oberdiek/kvsetkeys.sty
Package: kvsetkeys 2012/04/25 v1.16 Key value parser (HO)

(/usr/share/texlive/texmf-dist/tex/generic/oberdiek/etexcmds.sty
Package: etexcmds 2011/02/16 v1.5 Avoid name clashes with e-TeX commands (HO)

(/usr/share/texlive/texmf-dist/tex/generic/oberdiek/ifluatex.sty
Package: ifluatex 2010/03/01 v1.3 Provides the ifluatex switch (HO)
Package ifluatex Info: LuaTeX not detected.
)
Package etexcmds Info: Could not find \expanded.
(etexcmds)             That can mean that you are not using pdfTeX 1.50 or
(etexcmds)             that some package has redefined \expanded.
(etexcmds)             In the latter case, load this package earlier.
)))
(/usr/share/texlive/texmf-dist/tex/generic/oberdiek/pdftexcmds.sty
Package: pdftexcmds 2011/11/29 v0.20 Utility functions of pdfTeX for LuaTeX (HO
)
Package pdftexcmds Info: LuaTeX not detected.
Package pdftexcmds Info: \pdf@primitive is available.
Package pdftexcmds Info: \pdf@ifprimitive is available.
Package pdftexcmds Info: \pdfdraftmode found.
)
Package grffile Info: Option `multidot' is set to `true'.
Package grffile Info: Option `extendedchars' is set to `false'.
Package grffile Info: Option `space' is set to `true'.
Package grffile Info: \Gin@ii of package `graphicx' fixed on input line 486.
)
(./AH preview.aux)
\openout1 = `"AH preview.aux"'.

LaTeX Font Info:    Checking defaults for OML/cmm/m/it on input line 12.
LaTeX Font Info:    ... okay on input line 12.
LaTeX Font Info:    Checking defaults for T1/cmr/m/n on input line 12.
LaTeX Font Info:    ... okay on input line 12.
LaTeX Font Info:    Checking defaults for OT1/cmr/m/n on input line 12.
LaTeX Font Info:    ... okay on input line 12.
LaTeX Font Info:    Checking defaults for OMS/cmsy/m/n on input line 12.
LaTeX Font Info:    ... okay on input line 12.
LaTeX Font Info:    Checking defaults for OMX/cmex/m/n on input line 12.
LaTeX Font Info:    ... okay on input line 12.
LaTeX Font Info:    Checking defaults for U/cmr/m/n on input line 12.
LaTeX Font Info:    ... okay on input line 12.
\AtBeginShipoutBox=\box28

(/usr/share/texlive/texmf-dist/tex/context/base/supp-pdf.mkii
[Loading MPS to PDF converter (version 2006.09.02).]
\scratchcounter=\count92
\scratchdimen=\dimen109
\scratchbox=\box29
\nofMPsegments=\count93
\nofMParguments=\count94
\everyMPshowfont=\toks16
\MPscratchCnt=\count95
\MPscratchDim=\dimen110
\MPnumerator=\count96
\makeMPintoPDFobject=\count97
\everyMPtoPDFconversion=\toks17
) (/usr/share/texlive/texmf-dist/tex/latex/oberdiek/epstopdf-base.sty
Package: epstopdf-base 2010/02/09 v2.5 Base part for package epstopdf

(/usr/share/texlive/texmf-dist/tex/latex/oberdiek/grfext.sty
Package: grfext 2010/08/19 v1.1 Manage graphics extensions (HO)

(/usr/share/texlive/texmf-dist/tex/generic/oberdiek/kvdefinekeys.sty
Package: kvdefinekeys 2011/04/07 v1.3 Define keys (HO)
))
Package grfext Info: Graphics extension search list:
(grfext)             [.png,.pdf,.jpg,.mps,.jpeg,.jbig2,.jb2,.PNG,.PDF,.JPG,.JPE
G,.JBIG2,.JB2,.eps]
(grfext)             \AppendGraphicsExtensions on input line 452.

(/usr/share/texlive/texmf-dist/tex/latex/latexconfig/epstopdf-sys.cfg
File: epstopdf-sys.cfg 2010/07/13 v1.3 Configuration of (r)epstopdf for TeX Liv
e
))
(/usr/share/texlive/texmf-dist/tex/latex/oberdiek/pdflscape.sty
Package: pdflscape 2008/08/11 v0.10 Display of landscape pages in PDF (HO)

(/usr/share/texlive/texmf-dist/tex/latex/graphics/lscape.sty
Package: lscape 2000/10/22 v3.01 Landscape Pages (DPC)
)
Package pdflscape Info: Auto-detected driver: pdftex on input line 80.
)
LaTeX Font Info:    External font `cmex10' loaded for size
(Font)              <12> on input line 14.
LaTeX Font Info:    External font `cmex10' loaded for size
(Font)              <8> on input line 14.
LaTeX Font Info:    External font `cmex10' loaded for size
(Font)              <6> on input line 14.

<./Handbook.pdf, id=1, 614.295pt x 794.97pt>
File: ./Handbook.pdf Graphic file (type pdf)
 <use ./Handbook.pdf>
Package pdftex.def Info: ./Handbook.pdf used on input line 17.
(pdftex.def)             Requested size: 614.29349pt x 794.96806pt.
File: ./Handbook.pdf Graphic file (type pdf)

<use ./Handbook.pdf>
Package pdftex.def Info: ./Handbook.pdf used on input line 17.
(pdftex.def)             Requested size: 614.29349pt x 794.96806pt.
 <./Handbook.pdf, id=4, page=1, 614.295pt x 794.97pt>
File: ./Handbook.pdf Graphic file (type pdf)

<use ./Handbook.pdf, page 1>
Package pdftex.def Info: ./Handbook.pdf, page1 used on input line 17.
(pdftex.def)             Requested size: 614.29349pt x 794.96806pt.
File: ./Handbook.pdf Graphic file (type pdf)
 <use ./Handbook.pdf, page 1>
Package pdftex.def Info: ./Handbook.pdf, page1 used on input line 17.
(pdftex.def)             Requested size: 614.58406pt x 795.3441pt.
 [1

{/var/lib/texmf/fonts/map/pdftex/updmap/pdftex.map}]
File: ./Handbook.pdf Graphic file (type pdf)
 <use ./Handbook.pdf, page 1>
Package pdftex.def Info: ./Handbook.pdf, page1 used on input line 17.
(pdftex.def)             Requested size: 614.58406pt x 795.3441pt.
File: ./Handbook.pdf Graphic file (type pdf)

<use ./Handbook.pdf, page 1>
Package pdftex.def Info: ./Handbook.pdf, page1 used on input line 17.
(pdftex.def)             Requested size: 614.58406pt x 795.3441pt.
File: ./Handbook.pdf Graphic file (type pdf)
 <use ./Handbook.pdf, page 1>
Package pdftex.def Info: ./Handbook.pdf, page1 used on input line 17.
(pdftex.def)             Requested size: 614.58406pt x 795.3441pt.
 [2 <./Handbook.pdf>]
File: ./Handbook.pdf Graphic file (type pdf)

<use ./Handbook.pdf>
Package pdftex.def Info: ./Handbook.pdf used on input line 18.
(pdftex.def)             Requested size: 614.29349pt x 794.96806pt.
File: ./Handbook.pdf Graphic file (type pdf)
 <use ./Handbook.pdf>
Package pdftex.def Info: ./Handbook.pdf used on input line 18.
(pdftex.def)             Requested size: 614.29349pt x 794.96806pt.

<./Handbook.pdf, id=39, page=3, 614.295pt x 794.97pt>
File: ./Handbook.pdf Graphic file (type pdf)

<use ./Handbook.pdf, page 3>
Package pdftex.def Info: ./Handbook.pdf, page3 used on input line 18.
(pdftex.def)             Requested size: 614.29349pt x 794.96806pt.
File: ./Handbook.pdf Graphic file (type pdf)
 <use ./Handbook.pdf, page 3>
Package pdftex.def Info: ./Handbook.pdf, page3 used on input line 18.
(pdftex.def)             Requested size: 614.58406pt x 795.3441pt.
File: ./Handbook.pdf Graphic file (type pdf)

<use ./Handbook.pdf, page 3>
Package pdftex.def Info: ./Handbook.pdf, page3 used on input line 18.
(pdftex.def)             Requested size: 614.58406pt x 795.3441pt.
File: ./Handbook.pdf Graphic file (type pdf)
 <use ./Handbook.pdf, page 3>
Package pdftex.def Info: ./Handbook.pdf, page3 used on input line 18.
(pdftex.def)             Requested size: 614.58406pt x 795.3441pt.
File: ./Handbook.pdf Graphic file (type pdf)

<use ./Handbook.pdf, page 3>
Package pdftex.def Info: ./Handbook.pdf, page3 used on input line 18.
(pdftex.def)             Requested size: 614.58406pt x 795.3441pt.
 [3 <./Handbook.pdf>]
File: ./Handbook.pdf Graphic file (type pdf)
 <use ./Handbook.pdf>
Package pdftex.def Info: ./Handbook.pdf used on input line 19.
(pdftex.def)             Requested size: 614.29349pt x 794.96806pt.
File: ./Handbook.pdf Graphic file (type pdf)

<use ./Handbook.pdf>
Package pdftex.def Info: ./Handbook.pdf used on input line 19.
(pdftex.def)             Requested size: 614.29349pt x 794.96806pt.
 <./Handbook.pdf, id=65, page=5, 614.295pt x 794.97pt>
File: ./Handbook.pdf Graphic file (type pdf)

<use ./Handbook.pdf, page 5>
Package pdftex.def Info: ./Handbook.pdf, page5 used on input line 19.
(pdftex.def)             Requested size: 614.29349pt x 794.96806pt.
File: ./Handbook.pdf Graphic file (type pdf)
 <use ./Handbook.pdf, page 5>
Package pdftex.def Info: ./Handbook.pdf, page5 used on input line 19.
(pdftex.def)             Requested size: 614.58406pt x 795.3441pt.
File: ./Handbook.pdf Graphic file (type pdf)

<use ./Handbook.pdf, page 5>
Package pdftex.def Info: ./Handbook.pdf, page5 used on input line 19.
(pdftex.def)             Requested size: 614.58406pt x 795.3441pt.
File: ./Handbook.pdf Graphic file (type pdf)
 <use ./Handbook.pdf, page 5>
Package pdftex.def Info: ./Handbook.pdf, page5 used on input line 19.
(pdftex.def)             Requested size: 614.58406pt x 795.3441pt.
File: ./Handbook.pdf Graphic file (type pdf)

<use ./Handbook.pdf, page 5>
Package pdftex.def Info: ./Handbook.pdf, page5 used on input line 19.
(pdftex.def)             Requested size: 614.58406pt x 795.3441pt.
 [4 <./Handbook.pdf>]
File: ./Handbook.pdf Graphic file (type pdf)
 <use ./Handbook.pdf>
Package pdftex.def Info: ./Handbook.pdf used on input line 20.
(pdftex.def)             Requested size: 614.29349pt x 794.96806pt.
File: ./Handbook.pdf Graphic file (type pdf)

<use ./Handbook.pdf>
Package pdftex.def Info: ./Handbook.pdf used on input line 20.
(pdftex.def)             Requested size: 614.29349pt x 794.96806pt.
 <./Handbook.pdf, id=76, page=6, 614.295pt x 794.97pt>
File: ./Handbook.pdf Graphic file (type pdf)

<use ./Handbook.pdf, page 6>
Package pdftex.def Info: ./Handbook.pdf, page6 used on input line 20.
(pdftex.def)             Requested size: 614.29349pt x 794.96806pt.
File: ./Handbook.pdf Graphic file (type pdf)
 <use ./Handbook.pdf, page 6>
Package pdftex.def Info: ./Handbook.pdf, page6 used on input line 20.
(pdftex.def)             Requested size: 614.58406pt x 795.3441pt.
File: ./Handbook.pdf Graphic file (type pdf)

<use ./Handbook.pdf, page 6>
Package pdftex.def Info: ./Handbook.pdf, page6 used on input line 20.
(pdftex.def)             Requested size: 614.58406pt x 795.3441pt.
File: ./Handbook.pdf Graphic file (type pdf)
 <use ./Handbook.pdf, page 6>
Package pdftex.def Info: ./Handbook.pdf, page6 used on input line 20.
(pdftex.def)             Requested size: 614.58406pt x 795.3441pt.
File: ./Handbook.pdf Graphic file (type pdf)

<use ./Handbook.pdf, page 6>
Package pdftex.def Info: ./Handbook.pdf, page6 used on input line 20.
(pdftex.def)             Requested size: 614.58406pt x 795.3441pt.
 [5 <./Handbook.pdf>]
File: ./Handbook.pdf Graphic file (type pdf)
 <use ./Handbook.pdf>
Package pdftex.def Info: ./Handbook.pdf used on input line 21.
(pdftex.def)             Requested size: 614.29349pt x 794.96806pt.
File: ./Handbook.pdf Graphic file (type pdf)

<use ./Handbook.pdf>
Package pdftex.def Info: ./Handbook.pdf used on input line 21.
(pdftex.def)             Requested size: 614.29349pt x 794.96806pt.
 <./Handbook.pdf, id=82, page=7, 614.295pt x 794.97pt>
File: ./Handbook.pdf Graphic file (type pdf)

<use ./Handbook.pdf, page 7>
Package pdftex.def Info: ./Handbook.pdf, page7 used on input line 21.
(pdftex.def)             Requested size: 614.29349pt x 794.96806pt.
File: ./Handbook.pdf Graphic file (type pdf)
 <use ./Handbook.pdf, page 7>
Package pdftex.def Info: ./Handbook.pdf, page7 used on input line 21.
(pdftex.def)             Requested size: 614.58406pt x 795.3441pt.
File: ./Handbook.pdf Graphic file (type pdf)

<use ./Handbook.pdf, page 7>
Package pdftex.def Info: ./Handbook.pdf, page7 used on input line 21.
(pdftex.def)             Requested size: 614.58406pt x 795.3441pt.
File: ./Handbook.pdf Graphic file (type pdf)
 <use ./Handbook.pdf, page 7>
Package pdftex.def Info: ./Handbook.pdf, page7 used on input line 21.
(pdftex.def)             Requested size: 614.58406pt x 795.3441pt.
File: ./Handbook.pdf Graphic file (type pdf)

<use ./Handbook.pdf, page 7>
Package pdftex.def Info: ./Handbook.pdf, page7 used on input line 21.
(pdftex.def)             Requested size: 614.58406pt x 795.3441pt.
 [6 <./Handbook.pdf>]
File: ./Handbook.pdf Graphic file (type pdf)
 <use ./Handbook.pdf>
Package pdftex.def Info: ./Handbook.pdf used on input line 22.
(pdftex.def)             Requested size: 614.29349pt x 794.96806pt.
File: ./Handbook.pdf Graphic file (type pdf)

<use ./Handbook.pdf>
Package pdftex.def Info: ./Handbook.pdf used on input line 22.
(pdftex.def)             Requested size: 614.29349pt x 794.96806pt.
 <./Handbook.pdf, id=113, page=10, 614.295pt x 794.97pt>
File: ./Handbook.pdf Graphic file (type pdf)

<use ./Handbook.pdf, page 10>
Package pdftex.def Info: ./Handbook.pdf, page10 used on input line 22.
(pdftex.def)             Requested size: 614.29349pt x 794.96806pt.
File: ./Handbook.pdf Graphic file (type pdf)
 <use ./Handbook.pdf, page 10>
Package pdftex.def Info: ./Handbook.pdf, page10 used on input line 22.
(pdftex.def)             Requested size: 614.58406pt x 795.3441pt.
File: ./Handbook.pdf Graphic file (type pdf)

<use ./Handbook.pdf, page 10>
Package pdftex.def Info: ./Handbook.pdf, page10 used on input line 22.
(pdftex.def)             Requested size: 614.58406pt x 795.3441pt.
File: ./Handbook.pdf Graphic file (type pdf)
 <use ./Handbook.pdf, page 10>
Package pdftex.def Info: ./Handbook.pdf, page10 used on input line 22.
(pdftex.def)             Requested size: 614.58406pt x 795.3441pt.
File: ./Handbook.pdf Graphic file (type pdf)

<use ./Handbook.pdf, page 10>
Package pdftex.def Info: ./Handbook.pdf, page10 used on input line 22.
(pdftex.def)             Requested size: 614.58406pt x 795.3441pt.
 [7 <./Handbook.pdf>]
File: ./Handbook.pdf Graphic file (type pdf)
 <use ./Handbook.pdf>
Package pdftex.def Info: ./Handbook.pdf used on input line 23.
(pdftex.def)             Requested size: 614.29349pt x 794.96806pt.
File: ./Handbook.pdf Graphic file (type pdf)

<use ./Handbook.pdf>
Package pdftex.def Info: ./Handbook.pdf used on input line 23.
(pdftex.def)             Requested size: 614.29349pt x 794.96806pt.
 <./Handbook.pdf, id=130, page=18, 614.295pt x 794.97pt>
File: ./Handbook.pdf Graphic file (type pdf)

<use ./Handbook.pdf, page 18>
Package pdftex.def Info: ./Handbook.pdf, page18 used on input line 23.
(pdftex.def)             Requested size: 614.29349pt x 794.96806pt.
File: ./Handbook.pdf Graphic file (type pdf)
 <use ./Handbook.pdf, page 18>
Package pdftex.def Info: ./Handbook.pdf, page18 used on input line 23.
(pdftex.def)             Requested size: 614.58406pt x 795.3441pt.
File: ./Handbook.pdf Graphic file (type pdf)

<use ./Handbook.pdf, page 18>
Package pdftex.def Info: ./Handbook.pdf, page18 used on input line 23.
(pdftex.def)             Requested size: 614.58406pt x 795.3441pt.
File: ./Handbook.pdf Graphic file (type pdf)
 <use ./Handbook.pdf, page 18>
Package pdftex.def Info: ./Handbook.pdf, page18 used on input line 23.
(pdftex.def)             Requested size: 614.58406pt x 795.3441pt.
File: ./Handbook.pdf Graphic file (type pdf)

<use ./Handbook.pdf, page 18>
Package pdftex.def Info: ./Handbook.pdf, page18 used on input line 23.
(pdftex.def)             Requested size: 614.58406pt x 795.3441pt.
 [8 <./Handbook.pdf>]
File: ./Handbook.pdf Graphic file (type pdf)
 <use ./Handbook.pdf>
Package pdftex.def Info: ./Handbook.pdf used on input line 24.
(pdftex.def)             Requested size: 614.29349pt x 794.96806pt.
File: ./Handbook.pdf Graphic file (type pdf)

<use ./Handbook.pdf>
Package pdftex.def Info: ./Handbook.pdf used on input line 24.
(pdftex.def)             Requested size: 614.29349pt x 794.96806pt.
 <./Handbook.pdf, id=141, page=23, 614.295pt x 794.97pt>
File: ./Handbook.pdf Graphic file (type pdf)

<use ./Handbook.pdf, page 23>
Package pdftex.def Info: ./Handbook.pdf, page23 used on input line 24.
(pdftex.def)             Requested size: 614.29349pt x 794.96806pt.
File: ./Handbook.pdf Graphic file (type pdf)
 <use ./Handbook.pdf, page 23>
Package pdftex.def Info: ./Handbook.pdf, page23 used on input line 24.
(pdftex.def)             Requested size: 614.58406pt x 795.3441pt.
File: ./Handbook.pdf Graphic file (type pdf)

<use ./Handbook.pdf, page 23>
Package pdftex.def Info: ./Handbook.pdf, page23 used on input line 24.
(pdftex.def)             Requested size: 614.58406pt x 795.3441pt.
File: ./Handbook.pdf Graphic file (type pdf)
 <use ./Handbook.pdf, page 23>
Package pdftex.def Info: ./Handbook.pdf, page23 used on input line 24.
(pdftex.def)             Requested size: 614.58406pt x 795.3441pt.
File: ./Handbook.pdf Graphic file (type pdf)

<use ./Handbook.pdf, page 23>
Package pdftex.def Info: ./Handbook.pdf, page23 used on input line 24.
(pdftex.def)             Requested size: 614.58406pt x 795.3441pt.
 [9 <./Handbook.pdf>]
File: ./Handbook.pdf Graphic file (type pdf)
 <use ./Handbook.pdf>
Package pdftex.def Info: ./Handbook.pdf used on input line 25.
(pdftex.def)             Requested size: 614.29349pt x 794.96806pt.
File: ./Handbook.pdf Graphic file (type pdf)

<use ./Handbook.pdf>
Package pdftex.def Info: ./Handbook.pdf used on input line 25.
(pdftex.def)             Requested size: 614.29349pt x 794.96806pt.
 <./Handbook.pdf, id=147, page=49, 614.295pt x 794.97pt>
File: ./Handbook.pdf Graphic file (type pdf)

<use ./Handbook.pdf, page 49>
Package pdftex.def Info: ./Handbook.pdf, page49 used on input line 25.
(pdftex.def)             Requested size: 614.29349pt x 794.96806pt.
File: ./Handbook.pdf Graphic file (type pdf)
 <use ./Handbook.pdf, page 49>
Package pdftex.def Info: ./Handbook.pdf, page49 used on input line 25.
(pdftex.def)             Requested size: 614.58406pt x 795.3441pt.
File: ./Handbook.pdf Graphic file (type pdf)

<use ./Handbook.pdf, page 49>
Package pdftex.def Info: ./Handbook.pdf, page49 used on input line 25.
(pdftex.def)             Requested size: 614.58406pt x 795.3441pt.
File: ./Handbook.pdf Graphic file (type pdf)
 <use ./Handbook.pdf, page 49>
Package pdftex.def Info: ./Handbook.pdf, page49 used on input line 25.
(pdftex.def)             Requested size: 614.58406pt x 795.3441pt.
File: ./Handbook.pdf Graphic file (type pdf)

<use ./Handbook.pdf, page 49>
Package pdftex.def Info: ./Handbook.pdf, page49 used on input line 25.
(pdftex.def)             Requested size: 614.58406pt x 795.3441pt.
 [10 <./Handbook.pdf>]
File: ./Handbook.pdf Graphic file (type pdf)
 <use ./Handbook.pdf>
Package pdftex.def Info: ./Handbook.pdf used on input line 26.
(pdftex.def)             Requested size: 614.29349pt x 794.96806pt.
File: ./Handbook.pdf Graphic file (type pdf)

<use ./Handbook.pdf>
Package pdftex.def Info: ./Handbook.pdf used on input line 26.
(pdftex.def)             Requested size: 614.29349pt x 794.96806pt.
 <./Handbook.pdf, id=153, page=56, 614.295pt x 794.97pt>
File: ./Handbook.pdf Graphic file (type pdf)

<use ./Handbook.pdf, page 56>
Package pdftex.def Info: ./Handbook.pdf, page56 used on input line 26.
(pdftex.def)             Requested size: 614.29349pt x 794.96806pt.
File: ./Handbook.pdf Graphic file (type pdf)
 <use ./Handbook.pdf, page 56>
Package pdftex.def Info: ./Handbook.pdf, page56 used on input line 26.
(pdftex.def)             Requested size: 614.58406pt x 795.3441pt.
File: ./Handbook.pdf Graphic file (type pdf)

<use ./Handbook.pdf, page 56>
Package pdftex.def Info: ./Handbook.pdf, page56 used on input line 26.
(pdftex.def)             Requested size: 614.58406pt x 795.3441pt.
File: ./Handbook.pdf Graphic file (type pdf)
 <use ./Handbook.pdf, page 56>
Package pdftex.def Info: ./Handbook.pdf, page56 used on input line 26.
(pdftex.def)             Requested size: 614.58406pt x 795.3441pt.
File: ./Handbook.pdf Graphic file (type pdf)

<use ./Handbook.pdf, page 56>
Package pdftex.def Info: ./Handbook.pdf, page56 used on input line 26.
(pdftex.def)             Requested size: 614.58406pt x 795.3441pt.
 [11 <./Handbook.pdf>]
File: ./Handbook.pdf Graphic file (type pdf)
 <use ./Handbook.pdf>
Package pdftex.def Info: ./Handbook.pdf used on input line 27.
(pdftex.def)             Requested size: 614.29349pt x 794.96806pt.
File: ./Handbook.pdf Graphic file (type pdf)

<use ./Handbook.pdf>
Package pdftex.def Info: ./Handbook.pdf used on input line 27.
(pdftex.def)             Requested size: 614.29349pt x 794.96806pt.
 <./Handbook.pdf, id=159, page=61, 614.295pt x 794.97pt>
File: ./Handbook.pdf Graphic file (type pdf)

<use ./Handbook.pdf, page 61>
Package pdftex.def Info: ./Handbook.pdf, page61 used on input line 27.
(pdftex.def)             Requested size: 614.29349pt x 794.96806pt.
File: ./Handbook.pdf Graphic file (type pdf)
 <use ./Handbook.pdf, page 61>
Package pdftex.def Info: ./Handbook.pdf, page61 used on input line 27.
(pdftex.def)             Requested size: 614.58406pt x 795.3441pt.
File: ./Handbook.pdf Graphic file (type pdf)

<use ./Handbook.pdf, page 61>
Package pdftex.def Info: ./Handbook.pdf, page61 used on input line 27.
(pdftex.def)             Requested size: 614.58406pt x 795.3441pt.
File: ./Handbook.pdf Graphic file (type pdf)
 <use ./Handbook.pdf, page 61>
Package pdftex.def Info: ./Handbook.pdf, page61 used on input line 27.
(pdftex.def)             Requested size: 614.58406pt x 795.3441pt.
File: ./Handbook.pdf Graphic file (type pdf)

<use ./Handbook.pdf, page 61>
Package pdftex.def Info: ./Handbook.pdf, page61 used on input line 27.
(pdftex.def)             Requested size: 614.58406pt x 795.3441pt.
 [12 <./Handbook.pdf>]
File: ./Handbook.pdf Graphic file (type pdf)
 <use ./Handbook.pdf>
Package pdftex.def Info: ./Handbook.pdf used on input line 28.
(pdftex.def)             Requested size: 614.29349pt x 794.96806pt.
File: ./Handbook.pdf Graphic file (type pdf)

<use ./Handbook.pdf>
Package pdftex.def Info: ./Handbook.pdf used on input line 28.
(pdftex.def)             Requested size: 614.29349pt x 794.96806pt.
 <./Handbook.pdf, id=165, page=86, 614.295pt x 794.97pt>
File: ./Handbook.pdf Graphic file (type pdf)

<use ./Handbook.pdf, page 86>
Package pdftex.def Info: ./Handbook.pdf, page86 used on input line 28.
(pdftex.def)             Requested size: 614.29349pt x 794.96806pt.
File: ./Handbook.pdf Graphic file (type pdf)
 <use ./Handbook.pdf, page 86>
Package pdftex.def Info: ./Handbook.pdf, page86 used on input line 28.
(pdftex.def)             Requested size: 614.58406pt x 795.3441pt.
File: ./Handbook.pdf Graphic file (type pdf)

<use ./Handbook.pdf, page 86>
Package pdftex.def Info: ./Handbook.pdf, page86 used on input line 28.
(pdftex.def)             Requested size: 614.58406pt x 795.3441pt.
File: ./Handbook.pdf Graphic file (type pdf)
 <use ./Handbook.pdf, page 86>
Package pdftex.def Info: ./Handbook.pdf, page86 used on input line 28.
(pdftex.def)             Requested size: 614.58406pt x 795.3441pt.
File: ./Handbook.pdf Graphic file (type pdf)

<use ./Handbook.pdf, page 86>
Package pdftex.def Info: ./Handbook.pdf, page86 used on input line 28.
(pdftex.def)             Requested size: 614.58406pt x 795.3441pt.
 [13 <./Handbook.pdf>]
File: ./Handbook.pdf Graphic file (type pdf)
 <use ./Handbook.pdf>
Package pdftex.def Info: ./Handbook.pdf used on input line 29.
(pdftex.def)             Requested size: 614.29349pt x 794.96806pt.
File: ./Handbook.pdf Graphic file (type pdf)

<use ./Handbook.pdf>
Package pdftex.def Info: ./Handbook.pdf used on input line 29.
(pdftex.def)             Requested size: 614.29349pt x 794.96806pt.
 <./Handbook.pdf, id=978, page=88, 614.295pt x 794.97pt>
File: ./Handbook.pdf Graphic file (type pdf)

<use ./Handbook.pdf, page 88>
Package pdftex.def Info: ./Handbook.pdf, page88 used on input line 29.
(pdftex.def)             Requested size: 614.29349pt x 794.96806pt.
File: ./Handbook.pdf Graphic file (type pdf)
 <use ./Handbook.pdf, page 88>
Package pdftex.def Info: ./Handbook.pdf, page88 used on input line 29.
(pdftex.def)             Requested size: 614.58406pt x 795.3441pt.
File: ./Handbook.pdf Graphic file (type pdf)

<use ./Handbook.pdf, page 88>
Package pdftex.def Info: ./Handbook.pdf, page88 used on input line 29.
(pdftex.def)             Requested size: 614.58406pt x 795.3441pt.
File: ./Handbook.pdf Graphic file (type pdf)
 <use ./Handbook.pdf, page 88>
Package pdftex.def Info: ./Handbook.pdf, page88 used on input line 29.
(pdftex.def)             Requested size: 614.58406pt x 795.3441pt.
File: ./Handbook.pdf Graphic file (type pdf)

<use ./Handbook.pdf, page 88>
Package pdftex.def Info: ./Handbook.pdf, page88 used on input line 29.
(pdftex.def)             Requested size: 614.58406pt x 795.3441pt.
 [14 <./Handbook.pdf>] (./AH preview.aux) ) 
Here is how much of TeX's memory you used:
 2874 strings out of 494953
 42044 string characters out of 6180977
 102060 words of memory out of 5000000
 6130 multiletter control sequences out of 15000+600000
 6675 words of font info for 24 fonts, out of 8000000 for 9000
 14 hyphenation exceptions out of 8191
 37i,18n,43p,263b,418s stack positions out of 5000i,500n,10000p,200000b,80000s
</usr/share/texlive/texmf-dist/fonts
/type1/public/amsfonts/cm/cmbx10.pfb></usr/share/texlive/texmf-dist/fonts/type1
/public/amsfonts/cm/cmbx12.pfb></usr/share/texlive/texmf-dist/fonts/type1/publi
c/amsfonts/cm/cmex10.pfb></usr/share/texlive/texmf-dist/fonts/type1/public/amsf
onts/cm/cmmi10.pfb></usr/share/texlive/texmf-dist/fonts/type1/public/amsfonts/c
m/cmmi6.pfb></usr/share/texlive/texmf-dist/fonts/type1/public/amsfonts/cm/cmmi8
.pfb></usr/share/texlive/texmf-dist/fonts/type1/public/amsfonts/cm/cmr10.pfb></
usr/share/texlive/texmf-dist/fonts/type1/public/amsfonts/cm/cmr12.pfb></usr/sha
re/texlive/texmf-dist/fonts/type1/public/amsfonts/cm/cmr17.pfb></usr/share/texl
ive/texmf-dist/fonts/type1/public/amsfonts/cm/cmr6.pfb></usr/share/texlive/texm
f-dist/fonts/type1/public/amsfonts/cm/cmr8.pfb></usr/share/texlive/texmf-dist/f
onts/type1/public/amsfonts/cm/cmr9.pfb></usr/share/texlive/texmf-dist/fonts/typ
e1/public/amsfonts/cm/cmsy10.pfb></usr/share/texlive/texmf-dist/fonts/type1/pub
lic/amsfonts/cm/cmsy8.pfb></usr/share/texlive/texmf-dist/fonts/type1/public/ams
fonts/euler/eufm10.pfb></usr/share/texlive/texmf-dist/fonts/type1/public/amsfon
ts/symbols/msbm10.pfb></usr/share/texlive/texmf-dist/fonts/type1/public/wasy2-p
s/wasy10.pfb>
Output written on "AH preview.pdf" (14 pages, 2946158 bytes).
PDF statistics:
 1010 PDF objects out of 1200 (max. 8388607)
 162 compressed objects within 2 object streams
 0 named destinations out of 1000 (max. 500000)
 201 words of extra memory for PDF output out of 10000 (max. 10000000)

